Debug logging for MinecraftEdu Server Launcher started at: 02. июня. 2023 00:02
###############################################
MinecraftEdu version: 1.7.10 build 22 Classroom
PATHS:
###############################################
MODS:
computercraftedu_1.74.jar
###############################################
Could not set Nimbus look and feel: java.lang.ClassNotFoundException: com.sun.java.swing.plaf.nimbus.NimbusLookAndFeel
Could not set Nimbus look and feel: java.lang.ClassNotFoundException: com.sun.java.swing.plaf.nimbus.NimbusLookAndFeel
Could not set Nimbus look and feel: java.lang.ClassNotFoundException: com.sun.java.swing.plaf.nimbus.NimbusLookAndFeel
Could not set Nimbus look and feel: java.lang.ClassNotFoundException: com.sun.java.swing.plaf.nimbus.NimbusLookAndFeel
Could not set Nimbus look and feel: java.lang.ClassNotFoundException: com.sun.java.swing.plaf.nimbus.NimbusLookAndFeel
Could not set Nimbus look and feel: java.lang.ClassNotFoundException: com.sun.java.swing.plaf.nimbus.NimbusLookAndFeel
Could not set Nimbus look and feel: java.lang.ClassNotFoundException: com.sun.java.swing.plaf.nimbus.NimbusLookAndFeel
Could not set Nimbus look and feel: java.lang.ClassNotFoundException: com.sun.java.swing.plaf.nimbus.NimbusLookAndFeel
Could not set Nimbus look and feel: java.lang.ClassNotFoundException: com.sun.java.swing.plaf.nimbus.NimbusLookAndFeel
Server Type: minecraftedu
World Type: WORLD_TYPE_NEW
RAM: 1024
Additional parameters: -XX:ParallelGCThreads=8 -Xincgc -XX:+UseConcMarkSweepGC -XX:+UseParNewGC -XX:+CMSIncrementalPacing -XX:+AggressiveOpts -XX:+CMSParallelRemarkEnabled -XX:+DisableExplicitGC -XX:MaxGCPauseMillis=500 -XX:SurvivorRatio=16 -XX:TargetSurvivorRatio=90 -XX:+UseAdaptiveGCBoundary -XX:-UseGCOverheadLimit -Xnoclassgc -XX:UseSSE=3 -XX:PermSize=128m -XX:LargePageSizeInBytes=4m
###############################################
